"Catppuccin Mocha" "https://github.com/HyDE-Project/hyde-themes/tree/Catppuccin-Mocha"
"Catppuccin Latte" "https://github.com/HyDE-Project/hyde-themes/tree/Catppuccin-Latte"
"Rosé Pine" "https://github.com/HyDE-Project/hyde-themes/tree/Rose-Pine"
"Tokyo Night" "https://github.com/HyDE-Project/hyde-themes/tree/Tokyo-Night"
"Material Sakura" "https://github.com/HyDE-Project/hyde-themes/tree/Material-Sakura"
"Graphite Mono" "https://github.com/HyDE-Project/hyde-themes/tree/Graphite-Mono"
"Decay Green" "https://github.com/HyDE-Project/hyde-themes/tree/Decay-Green"
"Edge Runner" "https://github.com/HyDE-Project/hyde-themes/tree/Edge-Runner"
"Frosted Glass" "https://github.com/HyDE-Project/hyde-themes/tree/Frosted-Glass"
"Gruvbox Retro" "https://github.com/HyDE-Project/hyde-themes/tree/Gruvbox-Retro"
"Synth Wave" "https://github.com/HyDE-Project/hyde-themes/tree/Synth-Wave"
"Nordic Blue" "https://github.com/HyDE-Project/hyde-themes/tree/Nordic-Blue"
"Abyssal-Wave" "https://github.com/Itz-Abhishek-Tiwari/Abyssal-Wave/tree/main"
"Ever-Blushing" "https://github.com/rishav12s/Ever-Blushing/tree/main"
"One-Dark" "https://github.com/RAprogramm/HyDe-Themes/tree/main"
"Pixel-Dream" "https://github.com/rishav12s/Pixel-Dream/tree/main"
"Monokai" "https://github.com/mahaveergurjar/Theme-Gallery/tree/Monokai"
"Eternal-Artic" "https://github.com/rishav12s/Eternal-Arctic/tree/main"
"BlueSky" "https://github.com/richen604/BlueSky"
"Code-Garden" "https://github.com/jacobfranco/Code-Garden/tree/main"
"Crimson-Blue" "https://github.com/amit-0i/Crimson-Blue"
"Nightbrew" "https://github.com/jackpawlik1/Nightbrew"
"Piece-Of-Mind" "https://github.com/Maroc02/Piece-Of-Mind/tree/main"
"Vanta-Black" "https://github.com/rishav12s/Vanta-Black/tree/main"
